make all --print-data-base --no-builtin-variables --no-builtin-rules --question
# GNU Make 4.2.1
# Built for x86_64-pc-linux-gnu
# Copyright (C) 1988-2016 Free Software Foundation, Inc.
# License GPLv3+: GNU GPL version 3 or later <http://gnu.org/licenses/gpl.html>
# This is free software: you are free to change and redistribute it.
# There is NO WARRANTY, to the extent permitted by law.

# Make data base, printed on Sat Dec 25 18:51:00 2021

# Variables

# automatic
<D = $(patsubst %/,%,$(dir $<))
# automatic
?F = $(notdir $?)
# environment
DESKTOP_SESSION = cinnamon
# default
.SHELLFLAGS := -c
# environment
XDG_SESSION_CLASS = user
# environment
XDG_SESSION_TYPE = x11
# environment
VSCODE_LOG_NATIVE = false
# makefile (from 'Makefile', line 16)
OPTC = -O3 -fomit-frame-pointer -fPIC -mavx -DAdd_ -DF77_INTEGER=int -DStringSunStyle
# environment
GTK3_MODULES = xapp-gtk3-module
# automatic
?D = $(patsubst %/,%,$(dir $?))
# automatic
@D = $(patsubst %/,%,$(dir $@))
# environment
XAUTHORITY = /home/chaima/.Xauthority
# environment
GDMSESSION = cinnamon
# default
MAKE_VERSION := 4.2.1
# makefile
CURDIR := /media/chaima/ESD-USB/Calcul numérique/TP4/TP_Poisson_C_for_students
# makefile
SHELL = /bin/sh
# environment
GDM_LANG = fr_FR
# environment
VSCODE_NLS_CONFIG = {"locale":"fr","availableLanguages":{},"_languagePackSupport":true}
# environment
_ = /usr/share/code/code
# environment
XDG_CONFIG_DIRS = /etc/xdg/xdg-cinnamon:/etc/xdg
# environment
GTK_OVERLAY_SCROLLING = 1
# makefile (from 'Makefile', line 1)
MAKEFILE_LIST :=  Makefile
# automatic
@F = $(notdir $@)
# environment
GIO_LAUNCHED_DESKTOP_FILE = /usr/share/applications/code.desktop
# 'override' directive
GNUMAKEFLAGS := 
# makefile (from 'Makefile', line 38)
OBJTP2DIRECT = lib_poisson1D.o tp2_poisson1D_direct.o
# environment
MANDATORY_PATH = /usr/share/gconf/cinnamon.mandatory.path
# environment
XDG_DATA_DIRS = /usr/share/cinnamon:/usr/share/gnome:/home/chaima/.local/share/flatpak/exports/share:/var/lib/flatpak/exports/share:/usr/local/share:/usr/share
# environment
DBUS_SESSION_BUS_ADDRESS = unix:path=/run/user/1000/bus
# environment
VSCODE_VERBOSE_LOGGING = true
# environment
LESSOPEN = | /usr/bin/lesspipe %s
# environment
VSCODE_CWD = /home/chaima
# environment
XDG_SESSION_PATH = /org/freedesktop/DisplayManager/Session0
# default
MAKE_HOST := x86_64-pc-linux-gnu
# environment
PATH = /usr/local/sbin:/usr/local/bin:/usr/sbin:/usr/bin:/sbin:/bin:/usr/games:/usr/local/games:/snap/bin
# environment
GPG_AGENT_INFO = /run/user/1000/gnupg/S.gpg-agent:0:1
# environment
SESSION_MANAGER = local/chaima-HP-ENVY-Notebook:@/tmp/.ICE-unix/1195,unix/chaima-HP-ENVY-Notebook:/tmp/.ICE-unix/1195
# environment
XDG_RUNTIME_DIR = /run/user/1000
# makefile (from 'Makefile', line 21)
TPDIRSRC = $(TPDIR)/src
# environment
VSCODE_LOG_STACK = false
# environment
VSCODE_CRASH_REPORTER_START_OPTIONS = {"companyName":"Microsoft","productName":"VSCode","submitURL":"appcenter://code?aid=fba07a4d-84bd-4fc8-a125-9640fc8ce171&uid=9b185274-f789-4bbd-9319-1b45899b78dc&iid=9b185274-f789-4bbd-9319-1b45899b78dc&sid=9b185274-f789-4bbd-9319-1b45899b78dc","uploadToServer":true}
# default
.FEATURES := target-specific order-only second-expansion else-if shortest-stem undefine oneshell archives jobserver output-sync check-symlink load
# environment
XDG_GREETER_DATA_DIR = /var/lib/lightdm-data/chaima
# environment
LS_COLORS = 
# environment
XDG_SESSION_DESKTOP = cinnamon
# environment
SSH_AUTH_SOCK = /run/user/1000/keyring/ssh
# environment
GIO_LAUNCHED_DESKTOP_FILE_PID = 3834
# automatic
%F = $(notdir $%)
# environment
DISPLAY = :0
# environment
VSCODE_PIPE_LOGGING = true
# environment
PWD = /media/chaima/ESD-USB/Calcul numérique/TP4/TP_Poisson_C_for_students
# environment
QT_QPA_PLATFORMTHEME = qt5ct
# default
.LOADED := 
# environment
XDG_SEAT = seat0
# environment
SSH_AGENT_PID = 1265
# environment
ORIGINAL_XDG_CURRENT_DESKTOP = X-Cinnamon
# environment
GTK_MODULES = gail:atk-bridge
# environment
VSCODE_AMD_ENTRYPOINT = vs/workbench/services/extensions/node/extensionHostProcess
# environment
HOME = /home/chaima
# environment
LESSCLOSE = /usr/bin/lesspipe %s %s
# environment
VSCODE_CODE_CACHE_PATH = /home/chaima/.config/Code/CachedData/7db1a2b88f7557e0a43fec75b6ba7e50b3e9f77e
# environment
LOGNAME = chaima
# environment
APPLICATION_INSIGHTS_NO_DIAGNOSTIC_CHANNEL = true
# makefile (from 'Makefile', line 28)
INCLBLASLAPACK = -I /usr/include
# environment
VSCODE_HANDLES_UNCAUGHT_ERRORS = true
# environment
GNOME_DESKTOP_SESSION_ID = this-is-deprecated
# automatic
^D = $(patsubst %/,%,$(dir $^))
# environment
XDG_VTNR = 7
# environment
MAKELEVEL := 0
# default
MAKE = $(MAKE_COMMAND)
# default
MAKECMDGOALS := all
# environment
SHLVL = 0
# makefile (from 'Makefile', line 36)
OBJENV = tp_env.o
# makefile (from 'Makefile', line 11)
CC = gcc
# environment
VSCODE_IPC_HOOK_EXTHOST = /run/user/1000/vscode-ipc-4a0b083c-401a-4acb-912b-7782450a1ec1.sock
# environment
XDG_SESSION_ID = c2
# environment
USER = chaima
# makefile
.DEFAULT_GOAL := all
# environment
XDG_CURRENT_DESKTOP = X-Cinnamon
# automatic
%D = $(patsubst %/,%,$(dir $%))
# default
MAKE_COMMAND := make
# makefile (from 'Makefile', line 30)
INCL = -I $(TPDIR)/include $(INCLBLASLAPACK) 
# default
.VARIABLES := 
# automatic
*F = $(notdir $*)
# environment
LANGUAGE = fr_FR
# environment
XDG_SEAT_PATH = /org/freedesktop/DisplayManager/Seat0
# makefile (from 'Makefile', line 20)
TPDIR = .
# environment
VSCODE_IPC_HOOK = /run/user/1000/vscode-9b6bcd80-1.63.0-main.sock
# makefile
MAKEFLAGS = pqrR
# environment
MFLAGS = -pqrR
# automatic
*D = $(patsubst %/,%,$(dir $*))
# environment
BREAKPAD_DUMP_LOCATION = /home/chaima/.config/Code/exthost Crash Reports
# automatic
+D = $(patsubst %/,%,$(dir $+))
# environment
GDK_BACKEND = x11
# automatic
+F = $(notdir $+)
# environment
CINNAMON_VERSION = 5.0.7
# environment
QT_ACCESSIBILITY = 1
# environment
DEFAULTS_PATH = /usr/share/gconf/cinnamon.default.path
# default
MAKEFILES := 
# automatic
<F = $(notdir $<)
# environment
ELECTRON_RUN_AS_NODE = 1
# environment
LC_ALL = C
# environment
GJS_DEBUG_TOPICS = JS ERROR;JS LOG
# makefile (from 'Makefile', line 25)
LIBS = -llapacke -lblas -lm
# automatic
^F = $(notdir $^)
# default
SUFFIXES := 
# environment
CHROME_DESKTOP = code-url-handler.desktop
# default
.INCLUDE_DIRS = /usr/include /usr/local/include /usr/include
# environment
GJS_DEBUG_OUTPUT = stderr
# default
.RECIPEPREFIX := 
# environment
LANG = C
# makefile (from 'Makefile', line 37)
OBJTP2ITER = lib_poisson1D.o tp2_poisson1D_iter.o
# environment
VSCODE_PID = 3834
# variable set hash-table stats:
# Load=113/1024=11%, Rehash=0, Collisions=8/149=5%

# Pattern-specific Variable Values

# No pattern-specific variable values.

# Directories

# . (device 2081, inode 285): 17 files, no impossibilities.

# 17 files, no impossibilities in 1 directories.

# Implicit Rules

# No implicit rules.

# Files

tp_env.o: src/tp_env.c
#  Implicit rule search has not been done.
#  Last modified 2021-12-25 18:40:20
#  File has been updated.
#  Successfully updated.
#  recipe to execute (from 'Makefile', line 50):
	$(CC) $(OPTC) -c $(INCL) $(TPDIRSRC)/tp_env.c 

tp2poisson1D_iter: bin/tp2poisson1D_iter
#  Implicit rule search has not been done.
#  Modification time never checked.
#  File has not been updated.

all: bin/tp_testenv bin/tp2poisson1D_iter bin/tp2poisson1D_direct
#  Command line target.
#  Implicit rule search has been done.
#  File does not exist.
#  File has been updated.
#  Successfully updated.

tp2_poisson1D_iter.o: src/tp2_poisson1D_iter.c
#  Implicit rule search has not been done.
#  Last modified 2021-12-25 18:40:22
#  File has been updated.
#  Successfully updated.
#  recipe to execute (from 'Makefile', line 56):
	$(CC) $(OPTC) -c $(INCL) $(TPDIRSRC)/tp2_poisson1D_iter.c  

 
run_tp2poisson1D_iter:
#  Implicit rule search has not been done.
#  Modification time never checked.
#  File has not been updated.
#  recipe to execute (from 'Makefile', line 74):
	bin/tp2poisson1D_iter

bin/tp_testenv: tp_env.o
#  Implicit rule search has not been done.
#  Last modified 2021-12-25 18:40:20
#  File has been updated.
#  Successfully updated.
#  recipe to execute (from 'Makefile', line 62):
	$(CC) -o bin/tp_testenv $(OPTC) $(OBJENV) $(LIBS)

# Not a target:
src/tp2_poisson1D_direct.c:
#  Implicit rule search has been done.
#  Last modified 2021-12-25 18:37:16
#  File has been updated.
#  Successfully updated.

# Not a target:
Makefile:
#  Implicit rule search has been done.
#  Last modified 2021-12-25 18:39:54
#  File has been updated.
#  Successfully updated.

bin/tp2poisson1D_direct: lib_poisson1D.o tp2_poisson1D_direct.o
#  Implicit rule search has not been done.
#  Last modified 2021-12-25 18:40:24
#  File has been updated.
#  Successfully updated.
#  recipe to execute (from 'Makefile', line 68):
	$(CC) -o bin/tp2poisson1D_direct $(OPTC) $(OBJTP2DIRECT) $(LIBS)

# Not a target:
src/tp_env.c:
#  Implicit rule search has been done.
#  Last modified 2020-12-02 18:13:22
#  File has been updated.
#  Successfully updated.

# Not a target:
src/lib_poisson1D.c:
#  Implicit rule search has been done.
#  Last modified 2021-12-25 18:31:04
#  File has been updated.
#  Successfully updated.

# Not a target:
src/tp2_poisson1D_iter.c:
#  Implicit rule search has been done.
#  Last modified 2020-12-02 18:38:24
#  File has been updated.
#  Successfully updated.

# Not a target:
.DEFAULT:
#  Implicit rule search has not been done.
#  Modification time never checked.
#  File has not been updated.

clean:
#  Implicit rule search has not been done.
#  Modification time never checked.
#  File has not been updated.
#  recipe to execute (from 'Makefile', line 80):
	rm *.o bin/*

tp2poisson1D_direct: bin/tp2poisson1D_direct
#  Implicit rule search has not been done.
#  Modification time never checked.
#  File has not been updated.

tp2_poisson1D_direct.o: src/tp2_poisson1D_direct.c
#  Implicit rule search has not been done.
#  Last modified 2021-12-25 18:40:24
#  File has been updated.
#  Successfully updated.
#  recipe to execute (from 'Makefile', line 59):
	$(CC) $(OPTC) -c $(INCL) $(TPDIRSRC)/tp2_poisson1D_direct.c  

run_tp2poisson1D_direct:
#  Implicit rule search has not been done.
#  Modification time never checked.
#  File has not been updated.
#  recipe to execute (from 'Makefile', line 77):
	bin/tp2poisson1D_direct

bin/tp2poisson1D_iter: lib_poisson1D.o tp2_poisson1D_iter.o
#  Implicit rule search has not been done.
#  Last modified 2021-12-25 18:40:22
#  File has been updated.
#  Successfully updated.
#  recipe to execute (from 'Makefile', line 65):
	$(CC) -o bin/tp2poisson1D_iter $(OPTC) $(OBJTP2ITER) $(LIBS)

lib_poisson1D.o: src/lib_poisson1D.c
#  Implicit rule search has not been done.
#  Last modified 2021-12-25 18:40:22
#  File has been updated.
#  Successfully updated.
#  recipe to execute (from 'Makefile', line 53):
	$(CC) $(OPTC) -c $(INCL) $(TPDIRSRC)/lib_poisson1D.c 

testenv: bin/tp_testenv
#  Implicit rule search has not been done.
#  Modification time never checked.
#  File has not been updated.

run_testenv:
#  Implicit rule search has not been done.
#  Modification time never checked.
#  File has not been updated.
#  recipe to execute (from 'Makefile', line 71):
	bin/tp_testenv

# files hash-table stats:
# Load=22/1024=2%, Rehash=0, Collisions=0/51=0%
# VPATH Search Paths

# No 'vpath' search paths.

# No general ('VPATH' variable) search path.

# strcache buffers: 1 (0) / strings = 36 / storage = 473 B / avg = 13 B
# current buf: size = 8162 B / used = 473 B / count = 36 / avg = 13 B

# strcache performance: lookups = 71 / hit rate = 49%
# hash-table stats:
# Load=36/8192=0%, Rehash=0, Collisions=1/71=1%
# Finished Make data base on Sat Dec 25 18:51:00 2021

 
